<?xml version="1.0" encoding="UTF-8"?>
<!-- Generated by org.testng.reporters.JUnitXMLReporter -->
<testsuite hostname="L38876WIN" ignored="0" name="Test" tests="1" failures="1" timestamp="18 Apr 2020 15:48:13 GMT" time="0.023" errors="0">
  <testcase name="hello" time="0.0" classname="com.test.controller.Runner2">
    <failure type="org.testng.TestNGException" message="
Cannot inject @Test annotated Method [hello] with [class [Ljava.lang.String;].
For more information on native dependency injection please refer to http://testng.org/doc/documentation-main.html#native-dependency-injection">
      <![CDATA[org.testng.TestNGException: 
Cannot inject @Test annotated Method [hello] with [class [Ljava.lang.String;].
For more information on native dependency injection please refer to http://testng.org/doc/documentation-main.html#native-dependency-injection
... Removed 24 stack frames]]>
    </failure>
  </testcase> <!-- hello -->
</testsuite> <!-- Test -->
