<?xml version="1.0" encoding="UTF-8"?>
<testng-results skipped="0" failed="0" total="1" passed="1">
  <reporter-output>
  </reporter-output>
  <suite name="Suite" duration-ms="2055" started-at="2020-05-17T03:01:05Z" finished-at="2020-05-17T03:01:07Z">
    <groups>
    </groups>
    <test name="Test" duration-ms="2055" started-at="2020-05-17T03:01:05Z" finished-at="2020-05-17T03:01:07Z">
      <class name="com.test.controller.Runner2">
        <test-method status="PASS" signature="start()[pri:0, instance:com.test.controller.Runner2@7ac7a4e4]" name="start" duration-ms="2045" started-at="2020-05-17T08:31:05Z" finished-at="2020-05-17T08:31:07Z">
          <reporter-output>
          </reporter-output>
        </test-method> <!-- start -->
      </class> <!-- com.test.controller.Runner2 -->
    </test> <!-- Test -->
  </suite> <!-- Suite -->
</testng-results>
