<?xml version="1.0" encoding="UTF-8"?>
<testng-results skipped="0" failed="0" ignored="0" total="1" passed="1">
  <reporter-output>
  </reporter-output>
  <suite name="Default suite" duration-ms="102230" started-at="2020-05-17T21:19:51 IST" finished-at="2020-05-17T21:21:33 IST">
    <groups>
    </groups>
    <test name="Default test" duration-ms="102230" started-at="2020-05-17T21:19:51 IST" finished-at="2020-05-17T21:21:33 IST">
      <class name="com.test.controller.Runner2">
        <test-method status="PASS" signature="start()[pri:0, instance:com.test.controller.Runner2@64d7f7e0]" name="start" duration-ms="102193" started-at="2020-05-17T21:19:51 IST" finished-at="2020-05-17T21:21:33 IST">
          <reporter-output>
          </reporter-output>
        </test-method> <!-- start -->
      </class> <!-- com.test.controller.Runner2 -->
    </test> <!-- Default test -->
  </suite> <!-- Default suite -->
</testng-results>
